<?xml version="1.0" encoding="UTF-8"?>
<testsuite name="raiseTech.StudentManagement.StudentManagementApplicationTests" tests="1" skipped="0" failures="0" errors="0" timestamp="2025-02-23T02:58:52" hostname="DESKTOP-PLAONQN" time="0.532">
  <properties/>
  <testcase name="contextLoads()" classname="raiseTech.StudentManagement.StudentManagementApplicationTests" time="0.532"/>
  <system-out><![CDATA[11:58:50.780 [Test worker] INFO org.springframework.test.context.support.AnnotationConfigContextLoaderUtils -- Could not detect default configuration classes for test class [raiseTech.StudentManagement.StudentManagementApplicationTests]: StudentManagementApplicationTests does not declare any static, non-private, non-final, nested classes annotated with @Configuration.
11:58:50.843 [Test worker] INFO org.springframework.boot.test.context.SpringBootTestContextBootstrapper -- Found @SpringBootConfiguration raiseTech.StudentManagement.StudentManagementApplication for test class raiseTech.StudentManagement.StudentManagementApplicationTests

  .   ____          _            __ _ _
 /\\ / ___'_ __ _ _(_)_ __  __ _ \ \ \ \
( ( )\___ | '_ | '_| | '_ \/ _` | \ \ \ \
 \\/  ___)| |_)| | | | | || (_| |  ) ) ) )
  '  |____| .__|_| |_|_| |_\__, | / / / /
 =========|_|==============|___/=/_/_/_/
 :: Spring Boot ::                (v3.2.7)

2025-02-23T11:58:51.078+09:00  INFO 22032 --- [StudentManagement] [    Test worker] r.S.StudentManagementApplicationTests    : Starting StudentManagementApplicationTests using Java 21.0.3 with PID 22032 (started by Storyteller in C:\Users\Storyteller\IdeaProjects\StudentManagement)
2025-02-23T11:58:51.078+09:00  INFO 22032 --- [StudentManagement] [    Test worker] r.S.StudentManagementApplicationTests    : No active profile set, falling back to 1 default profile: "default"
2025-02-23T11:58:52.326+09:00  INFO 22032 --- [StudentManagement] [    Test worker] r.S.StudentManagementApplicationTests    : Started StudentManagementApplicationTests in 1.37 seconds (process running for 2.065)
]]></system-out>
  <system-err><![CDATA[WARNING: A Java agent has been loaded dynamically (C:\Users\Storyteller\.gradle\caches\modules-2\files-2.1\net.bytebuddy\byte-buddy-agent\1.14.17\e3c251a39dc90badaf71c83427ba46840f219d8d\byte-buddy-agent-1.14.17.jar)
WARNING: If a serviceability tool is in use, please run with -XX:+EnableDynamicAgentLoading to hide this warning
WARNING: If a serviceability tool is not in use, please run with -Djdk.instrument.traceUsage for more information
WARNING: Dynamic loading of agents will be disallowed by default in a future release
]]></system-err>
</testsuite>
